0 info it worked if it ends with ok
1 verbose cli [ '/Users/liamz/.nvm/versions/node/v6.0.0/bin/node',
1 verbose cli   '/Users/liamz/.nvm/versions/node/v6.0.0/bin/npm',
1 verbose cli   'start' ]
2 info using npm@3.8.6
3 info using node@v6.0.0
4 verbose run-script [ 'prestart', 'start', 'poststart' ]
5 info lifecycle material-ui-example-webpack@0.15.0-beta.2~prestart: material-ui-example-webpack@0.15.0-beta.2
6 silly lifecycle material-ui-example-webpack@0.15.0-beta.2~prestart: no script for prestart, continuing
7 info lifecycle material-ui-example-webpack@0.15.0-beta.2~start: material-ui-example-webpack@0.15.0-beta.2
8 verbose lifecycle material-ui-example-webpack@0.15.0-beta.2~start: unsafe-perm in lifecycle true
9 verbose lifecycle material-ui-example-webpack@0.15.0-beta.2~start: PATH: /Users/liamz/.nvm/versions/node/v6.0.0/lib/node_modules/npm/bin/node-gyp-bin:/Users/liamz/Documents/bernard/app/node_modules/.bin:/Users/liamz/.nvm/versions/node/v6.0.0/bin:/Users/liamz/.nvm/versions/node/v6.0.0/bin:/usr/local/bin:/usr/bin:/bin:/usr/sbin:/sbin:/opt/X11/bin
10 verbose lifecycle material-ui-example-webpack@0.15.0-beta.2~start: CWD: /Users/liamz/Documents/bernard/app
11 silly lifecycle material-ui-example-webpack@0.15.0-beta.2~start: Args: [ '-c',
11 silly lifecycle   'webpack-dev-server --config webpack-dev-server.config.js --progress --inline --colors' ]
12 silly lifecycle material-ui-example-webpack@0.15.0-beta.2~start: Returned: code: 1  signal: null
13 info lifecycle material-ui-example-webpack@0.15.0-beta.2~start: Failed to exec start script
14 verbose stack Error: material-ui-example-webpack@0.15.0-beta.2 start: `webpack-dev-server --config webpack-dev-server.config.js --progress --inline --colors`
14 verbose stack Exit status 1
14 verbose stack     at EventEmitter.<anonymous> (/Users/liamz/.nvm/versions/node/v6.0.0/lib/node_modules/npm/lib/utils/lifecycle.js:239:16)
14 verbose stack     at emitTwo (events.js:106:13)
14 verbose stack     at EventEmitter.emit (events.js:191:7)
14 verbose stack     at ChildProcess.<anonymous> (/Users/liamz/.nvm/versions/node/v6.0.0/lib/node_modules/npm/lib/utils/spawn.js:24:14)
14 verbose stack     at emitTwo (events.js:106:13)
14 verbose stack     at ChildProcess.emit (events.js:191:7)
14 verbose stack     at maybeClose (internal/child_process.js:850:16)
14 verbose stack     at Process.ChildProcess._handle.onexit (internal/child_process.js:215:5)
15 verbose pkgid material-ui-example-webpack@0.15.0-beta.2
16 verbose cwd /Users/liamz/Documents/bernard/app
17 error Darwin 15.2.0
18 error argv "/Users/liamz/.nvm/versions/node/v6.0.0/bin/node" "/Users/liamz/.nvm/versions/node/v6.0.0/bin/npm" "start"
19 error node v6.0.0
20 error npm  v3.8.6
21 error code ELIFECYCLE
22 error material-ui-example-webpack@0.15.0-beta.2 start: `webpack-dev-server --config webpack-dev-server.config.js --progress --inline --colors`
22 error Exit status 1
23 error Failed at the material-ui-example-webpack@0.15.0-beta.2 start script 'webpack-dev-server --config webpack-dev-server.config.js --progress --inline --colors'.
23 error Make sure you have the latest version of node.js and npm installed.
23 error If you do, this is most likely a problem with the material-ui-example-webpack package,
23 error not with npm itself.
23 error Tell the author that this fails on your system:
23 error     webpack-dev-server --config webpack-dev-server.config.js --progress --inline --colors
23 error You can get information on how to open an issue for this project with:
23 error     npm bugs material-ui-example-webpack
23 error Or if that isn't available, you can get their info via:
23 error     npm owner ls material-ui-example-webpack
23 error There is likely additional logging output above.
24 verbose exit [ 1, true ]
